#
# A fatal error has been detected by the Java Runtime Environment:
#
#  EXCEPTION_ACCESS_VIOLATION (0xc0000005) at pc=0x000000005b71c367, pid=7508, tid=12824
#
# JRE version: Java(TM) SE Runtime Environment (10.0.2+13) (build 10.0.2+13)
# Java VM: Java HotSpot(TM) 64-Bit Server VM (10.0.2+13, mixed mode, tiered, compressed oops, g1 gc, windows-amd64)
# Problematic frame:
# V  [jvm.dll+0x38c367]
#
# No core dump will be written. Minidumps are not enabled by default on client versions of Windows
#
# If you would like to submit a bug report, please visit:
#   http://bugreport.java.com/bugreport/crash.jsp
# The crash happened outside the Java Virtual Machine in native code.
# See problematic frame for where to report the bug.
#

---------------  S U M M A R Y ------------

Command Line: -javaagent:C:\Program Files\JetBrains\IntelliJ IDEA 2022.3.2\lib\idea_rt.jar=51261:C:\Program Files\JetBrains\IntelliJ IDEA 2022.3.2\bin -agentpath:C:\Users\danil\AppData\Local\Temp\libasyncProfiler.dll=start,jfr,event=cpu,interval=10ms,jfrsync=profile,cstack=no,file=C:\Users\danil\Main_2023_12_04_141403.jfr -Dfile.encoding=UTF-8 main.java.raf.dsw.classycraft.app.Main

Host: AMD Ryzen 7 3700X 8-Core Processor             , 16 cores, 15G,  Windows 10 , 64 bit Build 19041 (10.0.19041.3636)
Time: Mon Dec 04 14:14:03 2023 Central Europe Standard Time elapsed time: 0 seconds (0d 0h 0m 0s)

---------------  T H R E A D  ---------------

Current thread (0x00000181e289b000):  JavaThread "main" [_thread_in_native, id=12824, stack(0x0000000f4ce00000,0x0000000f4cf00000)]

Stack: [0x0000000f4ce00000,0x0000000f4cf00000],  sp=0x0000000f4cefc6f8,  free space=1009k
Native frames: (J=compiled Java code, j=interpreted, Vv=VM code, C=native code)
V  [jvm.dll+0x38c367]

Java frames: (J=compiled Java code, j=interpreted, Vv=VM code)
j  jdk.jfr.internal.JVM.setMemorySize(J)V+0 jdk.jfr@10.0.2
j  jdk.jfr.internal.Options.setMemorySize(J)V+4 jdk.jfr@10.0.2
j  jdk.jfr.internal.Options.reset()V+9 jdk.jfr@10.0.2
j  jdk.jfr.internal.Options.<clinit>()V+38 jdk.jfr@10.0.2
v  ~StubRoutines::call_stub
j  jdk.jfr.internal.JVM.<clinit>()V+55 jdk.jfr@10.0.2
v  ~StubRoutines::call_stub
j  jdk.jfr.internal.JVMSupport.checkAvailability()Z+16 jdk.jfr@10.0.2
j  jdk.jfr.internal.JVMSupport.<clinit>()V+0 jdk.jfr@10.0.2
v  ~StubRoutines::call_stub
j  jdk.jfr.FlightRecorder.addListener(Ljdk/jfr/FlightRecorderListener;)V+8 jdk.jfr@10.0.2
j  one.profiler.JfrSync.<clinit>()V+7
v  ~StubRoutines::call_stub

siginfo: EXCEPTION_ACCESS_VIOLATION (0xc0000005), writing address 0x0000000000000030


Register to memory mapping:

RIP=0x000000005b71c367 jvm.dll
RAX=0x0000000000000000 is an unknown value
RBX={method} {0x000001818b7ec540} 'setMemorySize' '(J)V' in 'jdk/jfr/internal/JVM'
RCX=0x00000181e289b270 is an unknown value
RDX=0x0000000f4cefc7b8 is pointing into the stack for thread: 0x00000181e289b000
RSP=0x0000000f4cefc6f8 is pointing into the stack for thread: 0x00000181e289b000
RBP=0x0000000f4cefc788 is pointing into the stack for thread: 0x00000181e289b000
RSI=0x00000181ee790cd7 is at begin+0 in a stub
StubRoutines::call_stub [0x00000181ee790cd7, 0x00000181ee790e44[ (365 bytes)
RDI=0x00000181ee79a103 is at code_begin+2307 in an Interpreter codelet
invoke return entry points  [0x00000181ee799800, 0x00000181ee79a1e0]  2528 bytes
R8 =0x0000000000a00000 is an unknown value
R9 =0x00000181e27c54b0 is an unknown value
R10=0x00000181ee79f2e8 is at code_begin+1000 in an Interpreter codelet
method entry point (kind = native)  [0x00000181ee79ef00, 0x00000181ee79fa60]  2912 bytes
R11=0x0000000000000101 is an unknown value
R12=0x0000000000000000 is an unknown value
R13=0x000001818b7ec530 is pointing into metadata
R14=0x0000000f4cefc7b8 is pointing into the stack for thread: 0x00000181e289b000
R15=0x00000181e289b000 is a thread


Registers:
RAX=0x0000000000000000, RBX=0x000001818b7ec538, RCX=0x00000181e289b270, RDX=0x0000000f4cefc7b8
RSP=0x0000000f4cefc6f8, RBP=0x0000000f4cefc788, RSI=0x00000181ee790cd7, RDI=0x00000181ee79a103
R8 =0x0000000000a00000, R9 =0x00000181e27c54b0, R10=0x00000181ee79f2e8, R11=0x0000000000000101
R12=0x0000000000000000, R13=0x000001818b7ec530, R14=0x0000000f4cefc7b8, R15=0x00000181e289b000
RIP=0x000000005b71c367, EFLAGS=0x0000000000010283

Top of Stack: (sp=0x0000000f4cefc6f8)
0x0000000f4cefc6f8:   00000181ee79f317 00000181ee79a103
0x0000000f4cefc708:   00000181ee79effc 000001818b7ec538
0x0000000f4cefc718:   0000000f4cefc788 00000181ee790cd7
0x0000000f4cefc728:   0000000000000000 00000181ee79a103
0x0000000f4cefc738:   00000181ee79efb6 0000000f4cefc740
0x0000000f4cefc748:   000001818b7ec530 0000000f4cefc7b8
0x0000000f4cefc758:   000001818b7eddd8 0000000000000000
0x0000000f4cefc768:   00000006d0d4e8e0 000001818b7ec538
0x0000000f4cefc778:   0000000000000000 0000000f4cefc7a8
0x0000000f4cefc788:   0000000f4cefc818 00000181ee79a103
0x0000000f4cefc798:   0000000000000000 00000181ee79c258
0x0000000f4cefc7a8:   0000000000a00000 0000000000000000
0x0000000f4cefc7b8:   00000006d0d4e970 0000000000000000
0x0000000f4cefc7c8:   00000006d0d4eee0 0000000f4cefc7c0
0x0000000f4cefc7d8:   000001818b7ef97c 0000000f4cefc830
0x0000000f4cefc7e8:   000001818b7f06b8 0000000000000000 

Instructions: (pc=0x000000005b71c367)
0x000000005b71c347:   4c 89 40 38 c3 cc cc cc cc 48 8b 05 31 f6 60 00
0x000000005b71c357:   4c 89 40 20 c3 cc cc cc cc 48 8b 05 21 f6 60 00
0x000000005b71c367:   4c 89 40 30 c3 cc cc cc cc 48 89 5c 24 08 48 89
0x000000005b71c377:   74 24 10 57 48 83 ec 20 8b 0d d7 c3 64 00 65 48 



---------------  P R O C E S S  ---------------

Threads class SMR info:
_java_thread_list=0x000001818bf85b50, length=20, elements={
0x00000181e289b000, 0x000001818b047000, 0x000001818b04c000, 0x000001818b0b2800,
0x000001818b0b3000, 0x000001818b0b6000, 0x000001818b0b8000, 0x000001818b0b8800,
0x000001818b0bb800, 0x000001818b0cc000, 0x000001818b0d1800, 0x000001818b0d0000,
0x000001818b0cf000, 0x000001818b0cd800, 0x000001818b0d2000, 0x000001818b0d3000,
0x000001818b0d4000, 0x000001818b1ad000, 0x000001818bf70000, 0x000001818c2c3800
}

Java Threads: ( => current thread )
=>0x00000181e289b000 JavaThread "main" [_thread_in_native, id=12824, stack(0x0000000f4ce00000,0x0000000f4cf00000)]
  0x000001818b047000 JavaThread "Reference Handler" daemon [_thread_blocked, id=2740, stack(0x0000000f4ef00000,0x0000000f4f000000)]
  0x000001818b04c000 JavaThread "Finalizer" daemon [_thread_blocked, id=2616, stack(0x0000000f4f000000,0x0000000f4f100000)]
  0x000001818b0b2800 JavaThread "Signal Dispatcher" daemon [_thread_blocked, id=15076, stack(0x0000000f4f100000,0x0000000f4f200000)]
  0x000001818b0b3000 JavaThread "Attach Listener" daemon [_thread_blocked, id=8628, stack(0x0000000f4f200000,0x0000000f4f300000)]
  0x000001818b0b6000 JavaThread "C2 CompilerThread0" daemon [_thread_blocked, id=5968, stack(0x0000000f4f300000,0x0000000f4f400000)]
  0x000001818b0b8000 JavaThread "C2 CompilerThread1" daemon [_thread_blocked, id=10012, stack(0x0000000f4f400000,0x0000000f4f500000)]
  0x000001818b0b8800 JavaThread "C2 CompilerThread2" daemon [_thread_blocked, id=13148, stack(0x0000000f4f500000,0x0000000f4f600000)]
  0x000001818b0bb800 JavaThread "C2 CompilerThread3" daemon [_thread_blocked, id=944, stack(0x0000000f4f600000,0x0000000f4f700000)]
  0x000001818b0cc000 JavaThread "C2 CompilerThread4" daemon [_thread_blocked, id=9632, stack(0x0000000f4f700000,0x0000000f4f800000)]
  0x000001818b0d1800 JavaThread "C2 CompilerThread5" daemon [_thread_blocked, id=8292, stack(0x0000000f4f800000,0x0000000f4f900000)]
  0x000001818b0d0000 JavaThread "C2 CompilerThread6" daemon [_thread_blocked, id=12812, stack(0x0000000f4f900000,0x0000000f4fa00000)]
  0x000001818b0cf000 JavaThread "C2 CompilerThread7" daemon [_thread_blocked, id=11056, stack(0x0000000f4fa00000,0x0000000f4fb00000)]
  0x000001818b0cd800 JavaThread "C1 CompilerThread8" daemon [_thread_blocked, id=14340, stack(0x0000000f4fb00000,0x0000000f4fc00000)]
  0x000001818b0d2000 JavaThread "C1 CompilerThread9" daemon [_thread_blocked, id=4996, stack(0x0000000f4fc00000,0x0000000f4fd00000)]
  0x000001818b0d3000 JavaThread "C1 CompilerThread10" daemon [_thread_blocked, id=13364, stack(0x0000000f4fd00000,0x0000000f4fe00000)]
  0x000001818b0d4000 JavaThread "C1 CompilerThread11" daemon [_thread_blocked, id=14616, stack(0x0000000f4fe00000,0x0000000f4ff00000)]
  0x000001818b1ad000 JavaThread "Sweeper thread" daemon [_thread_blocked, id=10272, stack(0x0000000f4ff00000,0x0000000f50000000)]
  0x000001818bf70000 JavaThread "Common-Cleaner" daemon [_thread_blocked, id=6516, stack(0x0000000f50000000,0x0000000f50100000)]
  0x000001818c2c3800 JavaThread "Monitor Ctrl-Break" daemon [_thread_in_native, id=9716, stack(0x0000000f50100000,0x0000000f50200000)]

Other Threads:
  0x000001818b043000 VMThread "VM Thread" [stack: 0x0000000f4ee00000,0x0000000f4ef00000] [id=11084]
  0x00000181e32ff800 GCTaskThread "GC Thread#0" [stack: 0x0000000f4cf00000,0x0000000f4d000000] [id=536]
  0x00000181e3301000 GCTaskThread "GC Thread#1" [stack: 0x0000000f4d000000,0x0000000f4d100000] [id=14016]
  0x00000181e3303800 GCTaskThread "GC Thread#2" [stack: 0x0000000f4d100000,0x0000000f4d200000] [id=10280]
  0x00000181e3305000 GCTaskThread "GC Thread#3" [stack: 0x0000000f4d200000,0x0000000f4d300000] [id=11100]
  0x00000181e330b000 GCTaskThread "GC Thread#4" [stack: 0x0000000f4d300000,0x0000000f4d400000] [id=7020]
  0x00000181e330e800 GCTaskThread "GC Thread#5" [stack: 0x0000000f4d400000,0x0000000f4d500000] [id=9084]
  0x00000181e330f800 GCTaskThread "GC Thread#6" [stack: 0x0000000f4d500000,0x0000000f4d600000] [id=7036]
  0x00000181e3313000 GCTaskThread "GC Thread#7" [stack: 0x0000000f4d600000,0x0000000f4d700000] [id=11496]
  0x00000181e3316000 GCTaskThread "GC Thread#8" [stack: 0x0000000f4d700000,0x0000000f4d800000] [id=7720]
  0x00000181e331a800 GCTaskThread "GC Thread#9" [stack: 0x0000000f4d800000,0x0000000f4d900000] [id=9588]
  0x00000181e331c000 GCTaskThread "GC Thread#10" [stack: 0x0000000f4d900000,0x0000000f4da00000] [id=14216]
  0x00000181e332f000 GCTaskThread "GC Thread#11" [stack: 0x0000000f4da00000,0x0000000f4db00000] [id=14416]
  0x00000181e3332800 GCTaskThread "GC Thread#12" [stack: 0x0000000f4db00000,0x0000000f4dc00000] [id=11584]
  0x00000181e3422000 ConcurrentGCThread "G1 Main Marker" [stack: 0x0000000f4dc00000,0x0000000f4dd00000] [id=8980]
  0x00000181e3330800 ConcurrentGCThread "G1 Conc#0" [stack: 0x0000000f4dd00000,0x0000000f4de00000] [id=1864]
  0x00000181e3331000 ConcurrentGCThread "G1 Conc#1" [stack: 0x0000000f4de00000,0x0000000f4df00000] [id=11792]
  0x00000181e332c000 ConcurrentGCThread "G1 Conc#2" [stack: 0x0000000f4df00000,0x0000000f4e000000] [id=8636]
  0x000001818ae9e800 ConcurrentGCThread "G1 Refine#0" [stack: 0x0000000f4e000000,0x0000000f4e100000] [id=15320]
  0x000001818aea0000 ConcurrentGCThread "G1 Refine#1" [stack: 0x0000000f4e100000,0x0000000f4e200000] [id=8996]
  0x000001818aea3000 ConcurrentGCThread "G1 Refine#2" [stack: 0x0000000f4e200000,0x0000000f4e300000] [id=13236]
  0x000001818aea7800 ConcurrentGCThread "G1 Refine#3" [stack: 0x0000000f4e300000,0x0000000f4e400000] [id=14912]
  0x000001818aea8000 ConcurrentGCThread "G1 Refine#4" [stack: 0x0000000f4e400000,0x0000000f4e500000] [id=11708]
  0x000001818aeb5000 ConcurrentGCThread "G1 Refine#5" [stack: 0x0000000f4e500000,0x0000000f4e600000] [id=12252]
  0x000001818aeb6800 ConcurrentGCThread "G1 Refine#6" [stack: 0x0000000f4e600000,0x0000000f4e700000] [id=13784]
  0x000001818aeb7000 ConcurrentGCThread "G1 Refine#7" [stack: 0x0000000f4e700000,0x0000000f4e800000] [id=14672]
  0x000001818aec0000 ConcurrentGCThread "G1 Refine#8" [stack: 0x0000000f4e800000,0x0000000f4e900000] [id=6132]
  0x000001818aec1000 ConcurrentGCThread "G1 Refine#9" [stack: 0x0000000f4e900000,0x0000000f4ea00000] [id=7108]
  0x000001818aec1800 ConcurrentGCThread "G1 Refine#10" [stack: 0x0000000f4ea00000,0x0000000f4eb00000] [id=11920]
  0x000001818aec2000 ConcurrentGCThread "G1 Refine#11" [stack: 0x0000000f4eb00000,0x0000000f4ec00000] [id=10096]
  0x000001818aec3000 ConcurrentGCThread "G1 Refine#12" [stack: 0x0000000f4ec00000,0x0000000f4ed00000] [id=7332]
  0x000001818aec3800 ConcurrentGCThread "G1 Young RemSet Sampling" [stack: 0x0000000f4ed00000,0x0000000f4ee00000] [id=4496]

Threads with active compile tasks:

VM state:not at safepoint (normal execution)

VM Mutex/Monitor currently owned by a thread: None

Heap address: 0x00000006c1000000, size: 4080 MB, Compressed Oops mode: Zero based, Oop shift amount: 3
Narrow klass base: 0x0000000000000000, Narrow klass shift: 3
Compressed class space size: 1073741824 Address: 0x00000007c0000000

Heap:
 garbage-first heap   total 262144K, used 2048K [0x00000006c1000000, 0x00000007c0000000)
  region size 1024K, 3 young (3072K), 0 survivors (0K)
 Metaspace       used 6272K, capacity 6331K, committed 6528K, reserved 1056768K
  class space    used 511K, capacity 531K, committed 640K, reserved 1048576K
Heap Regions: E=young(eden), S=young(survivor), O=old, HS=humongous(starts), HC=humongous(continues), CS=collection set, F=free, A=archive, TS=gc time stamp, AC=allocation context, TAMS=top-at-mark-start (previous, next)
|   0|0x00000006c1000000, 0x00000006c1000000, 0x00000006c1100000|  0%| F|  |TS  0|AC  0|TAMS 0x00000006c1000000, 0x00000006c1000000|
|   1|0x00000006c1100000, 0x00000006c1100000, 0x00000006c1200000|  0%| F|  |TS  0|AC  0|TAMS 0x00000006c1100000, 0x00000006c1100000|
|   2|0x00000006c1200000, 0x00000006c1200000, 0x00000006c1300000|  0%| F|  |TS  0|AC  0|TAMS 0x00000006c1200000, 0x00000006c1200000|
|   3|0x00000006c1300000, 0x00000006c1300000, 0x00000006c1400000|  0%| F|  |TS  0|AC  0|TAMS 0x00000006c1300000, 0x00000006c1300000|
|   4|0x00000006c1400000, 0x00000006c1400000, 0x00000006c1500000|  0%| F|  |TS  0|AC  0|TAMS 0x00000006c1400000, 0x00000006c1400000|
|   5|0x00000006c1500000, 0x00000006c1500000, 0x00000006c1600000|  0%| F|  |TS  0|AC  0|TAMS 0x00000006c1500000, 0x00000006c1500000|
|   6|0x00000006c1600000, 0x00000006c1600000, 0x00000006c1700000|  0%| F|  |TS  0|AC  0|TAMS 0x00000006c1600000, 0x00000006c1600000|
|   7|0x00000006c1700000, 0x00000006c1700000, 0x00000006c1800000|  0%| F|  |TS  0|AC  0|TAMS 0x00000006c1700000, 0x00000006c1700000|
|   8|0x00000006c1800000, 0x00000006c1800000, 0x00000006c1900000|  0%| F|  |TS  0|AC  0|TAMS 0x00000006c1800000, 0x00000006c1800000|
|   9|0x00000006c1900000, 0x00000006c1900000, 0x00000006c1a00000|  0%| F|  |TS  0|AC  0|TAMS 0x00000006c1900000, 0x00000006c1900000|
|  10|0x00000006c1a00000, 0x00000006c1a00000, 0x00000006c1b00000|  0%| F|  |TS  0|AC  0|TAMS 0x00000006c1a00000, 0x00000006c1a00000|
|  11|0x00000006c1b00000, 0x00000006c1b00000, 0x00000006c1c00000|  0%| F|  |TS  0|AC  0|TAMS 0x00000006c1b00000, 0x00000006c1b00000|
|  12|0x00000006c1c00000, 0x00000006c1c00000, 0x00000006c1d00000|  0%| F|  |TS  0|AC  0|TAMS 0x00000006c1c00000, 0x00000006c1c00000|
|  13|0x00000006c1d00000, 0x00000006c1d00000, 0x00000006c1e00000|  0%| F|  |TS  0|AC  0|TAMS 0x00000006c1d00000, 0x00000006c1d00000|
|  14|0x00000006c1e00000, 0x00000006c1e00000, 0x00000006c1f00000|  0%| F|  |TS  0|AC  0|TAMS 0x00000006c1e00000, 0x00000006c1e00000|
|  15|0x00000006c1f00000, 0x00000006c1f00000, 0x00000006c2000000|  0%| F|  |TS  0|AC  0|TAMS 0x00000006c1f00000, 0x00000006c1f00000|
|  16|0x00000006c2000000, 0x00000006c2000000, 0x00000006c2100000|  0%| F|  |TS  0|AC  0|TAMS 0x00000006c2000000, 0x00000006c2000000|
|  17|0x00000006c2100000, 0x00000006c2100000, 0x00000006c2200000|  0%| F|  |TS  0|AC  0|TAMS 0x00000006c2100000, 0x00000006c2100000|
|  18|0x00000006c2200000, 0x00000006c2200000, 0x00000006c2300000|  0%| F|  |TS  0|AC  0|TAMS 0x00000006c2200000, 0x00000006c2200000|
|  19|0x00000006c2300000, 0x00000006c2300000, 0x00000006c2400000|  0%| F|  |TS  0|AC  0|TAMS 0x00000006c2300000, 0x00000006c2300000|
|  20|0x00000006c2400000, 0x00000006c2400000, 0x00000006c2500000|  0%| F|  |TS  0|AC  0|TAMS 0x00000006c2400000, 0x00000006c2400000|
|  21|0x00000006c2500000, 0x00000006c2500000, 0x00000006c2600000|  0%| F|  |TS  0|AC  0|TAMS 0x00000006c2500000, 0x00000006c2500000|
|  22|0x00000006c2600000, 0x00000006c2600000, 0x00000006c2700000|  0%| F|  |TS  0|AC  0|TAMS 0x00000006c2600000, 0x00000006c2600000|
|  23|0x00000006c2700000, 0x00000006c2700000, 0x00000006c2800000|  0%| F|  |TS  0|AC  0|TAMS 0x00000006c2700000, 0x00000006c2700000|
|  24|0x00000006c2800000, 0x00000006c2800000, 0x00000006c2900000|  0%| F|  |TS  0|AC  0|TAMS 0x00000006c2800000, 0x00000006c2800000|
|  25|0x00000006c2900000, 0x00000006c2900000, 0x00000006c2a00000|  0%| F|  |TS  0|AC  0|TAMS 0x00000006c2900000, 0x00000006c2900000|
|  26|0x00000006c2a00000, 0x00000006c2a00000, 0x00000006c2b00000|  0%| F|  |TS  0|AC  0|TAMS 0x00000006c2a00000, 0x00000006c2a00000|
|  27|0x00000006c2b00000, 0x00000006c2b00000, 0x00000006c2c00000|  0%| F|  |TS  0|AC  0|TAMS 0x00000006c2b00000, 0x00000006c2b00000|
|  28|0x00000006c2c00000, 0x00000006c2c00000, 0x00000006c2d00000|  0%| F|  |TS  0|AC  0|TAMS 0x00000006c2c00000, 0x00000006c2c00000|
|  29|0x00000006c2d00000, 0x00000006c2d00000, 0x00000006c2e00000|  0%| F|  |TS  0|AC  0|TAMS 0x00000006c2d00000, 0x00000006c2d00000|
|  30|0x00000006c2e00000, 0x00000006c2e00000, 0x00000006c2f00000|  0%| F|  |TS  0|AC  0|TAMS 0x00000006c2e00000, 0x00000006c2e00000|
|  31|0x00000006c2f00000, 0x00000006c2f00000, 0x00000006c3000000|  0%| F|  |TS  0|AC  0|TAMS 0x00000006c2f00000, 0x00000006c2f00000|
|  32|0x00000006c3000000, 0x00000006c3000000, 0x00000006c3100000|  0%| F|  |TS  0|AC  0|TAMS 0x00000006c3000000, 0x00000006c3000000|
|  33|0x00000006c3100000, 0x00000006c3100000, 0x00000006c3200000|  0%| F|  |TS  0|AC  0|TAMS 0x00000006c3100000, 0x00000006c3100000|
|  34|0x00000006c3200000, 0x00000006c3200000, 0x00000006c3300000|  0%| F|  |TS  0|AC  0|TAMS 0x00000006c3200000, 0x00000006c3200000|
|  35|0x00000006c3300000, 0x00000006c3300000, 0x00000006c3400000|  0%| F|  |TS  0|AC  0|TAMS 0x00000006c3300000, 0x00000006c3300000|
|  36|0x00000006c3400000, 0x00000006c3400000, 0x00000006c3500000|  0%| F|  |TS  0|AC  0|TAMS 0x00000006c3400000, 0x00000006c3400000|
|  37|0x00000006c3500000, 0x00000006c3500000, 0x00000006c3600000|  0%| F|  |TS  0|AC  0|TAMS 0x00000006c3500000, 0x00000006c3500000|
|  38|0x00000006c3600000, 0x00000006c3600000, 0x00000006c3700000|  0%| F|  |TS  0|AC  0|TAMS 0x00000006c3600000, 0x00000006c3600000|
|  39|0x00000006c3700000, 0x00000006c3700000, 0x00000006c3800000|  0%| F|  |TS  0|AC  0|TAMS 0x00000006c3700000, 0x00000006c3700000|
|  40|0x00000006c3800000, 0x00000006c3800000, 0x00000006c3900000|  0%| F|  |TS  0|AC  0|TAMS 0x00000006c3800000, 0x00000006c3800000|
|  41|0x00000006c3900000, 0x00000006c3900000, 0x00000006c3a00000|  0%| F|  |TS  0|AC  0|TAMS 0x00000006c3900000, 0x00000006c3900000|
|  42|0x00000006c3a00000, 0x00000006c3a00000, 0x00000006c3b00000|  0%| F|  |TS  0|AC  0|TAMS 0x00000006c3a00000, 0x00000006c3a00000|
|  43|0x00000006c3b00000, 0x00000006c3b00000, 0x00000006c3c00000|  0%| F|  |TS  0|AC  0|TAMS 0x00000006c3b00000, 0x00000006c3b00000|
|  44|0x00000006c3c00000, 0x00000006c3c00000, 0x00000006c3d00000|  0%| F|  |TS  0|AC  0|TAMS 0x00000006c3c00000, 0x00000006c3c00000|
|  45|0x00000006c3d00000, 0x00000006c3d00000, 0x00000006c3e00000|  0%| F|  |TS  0|AC  0|TAMS 0x00000006c3d00000, 0x00000006c3d00000|
|  46|0x00000006c3e00000, 0x00000006c3e00000, 0x00000006c3f00000|  0%| F|  |TS  0|AC  0|TAMS 0x00000006c3e00000, 0x00000006c3e00000|
|  47|0x00000006c3f00000, 0x00000006c3f00000, 0x00000006c4000000|  0%| F|  |TS  0|AC  0|TAMS 0x00000006c3f00000, 0x00000006c3f00000|
|  48|0x00000006c4000000, 0x00000006c4000000, 0x00000006c4100000|  0%| F|  |TS  0|AC  0|TAMS 0x00000006c4000000, 0x00000006c4000000|
|  49|0x00000006c4100000, 0x00000006c4100000, 0x00000006c4200000|  0%| F|  |TS  0|AC  0|TAMS 0x00000006c4100000, 0x00000006c4100000|
|  50|0x00000006c4200000, 0x00000006c4200000, 0x00000006c4300000|  0%| F|  |TS  0|AC  0|TAMS 0x00000006c4200000, 0x00000006c4200000|
|  51|0x00000006c4300000, 0x00000006c4300000, 0x00000006c4400000|  0%| F|  |TS  0|AC  0|TAMS 0x00000006c4300000, 0x00000006c4300000|
|  52|0x00000006c4400000, 0x00000006c4400000, 0x00000006c4500000|  0%| F|  |TS  0|AC  0|TAMS 0x00000006c4400000, 0x00000006c4400000|
|  53|0x00000006c4500000, 0x00000006c4500000, 0x00000006c4600000|  0%| F|  |TS  0|AC  0|TAMS 0x00000006c4500000, 0x00000006c4500000|
|  54|0x00000006c4600000, 0x00000006c4600000, 0x00000006c4700000|  0%| F|  |TS  0|AC  0|TAMS 0x00000006c4600000, 0x00000006c4600000|
|  55|0x00000006c4700000, 0x00000006c4700000, 0x00000006c4800000|  0%| F|  |TS  0|AC  0|TAMS 0x00000006c4700000, 0x00000006c4700000|
|  56|0x00000006c4800000, 0x00000006c4800000, 0x00000006c4900000|  0%| F|  |TS  0|AC  0|TAMS 0x00000006c4800000, 0x00000006c4800000|
|  57|0x00000006c4900000, 0x00000006c4900000, 0x00000006c4a00000|  0%| F|  |TS  0|AC  0|TAMS 0x00000006c4900000, 0x00000006c4900000|
|  58|0x00000006c4a00000, 0x00000006c4a00000, 0x00000006c4b00000|  0%| F|  |TS  0|AC  0|TAMS 0x00000006c4a00000, 0x00000006c4a00000|
|  59|0x00000006c4b00000, 0x00000006c4b00000, 0x00000006c4c00000|  0%| F|  |TS  0|AC  0|TAMS 0x00000006c4b00000, 0x00000006c4b00000|
|  60|0x00000006c4c00000, 0x00000006c4c00000, 0x00000006c4d00000|  0%| F|  |TS  0|AC  0|TAMS 0x00000006c4c00000, 0x00000006c4c00000|
|  61|0x00000006c4d00000, 0x00000006c4d00000, 0x00000006c4e00000|  0%| F|  |TS  0|AC  0|TAMS 0x00000006c4d00000, 0x00000006c4d00000|
|  62|0x00000006c4e00000, 0x00000006c4e00000, 0x00000006c4f00000|  0%| F|  |TS  0|AC  0|TAMS 0x00000006c4e00000, 0x00000006c4e00000|
|  63|0x00000006c4f00000, 0x00000006c4f00000, 0x00000006c5000000|  0%| F|  |TS  0|AC  0|TAMS 0x00000006c4f00000, 0x00000006c4f00000|
|  64|0x00000006c5000000, 0x00000006c5000000, 0x00000006c5100000|  0%| F|  |TS  0|AC  0|TAMS 0x00000006c5000000, 0x00000006c5000000|
|  65|0x00000006c5100000, 0x00000006c5100000, 0x00000006c5200000|  0%| F|  |TS  0|AC  0|TAMS 0x00000006c5100000, 0x00000006c5100000|
|  66|0x00000006c5200000, 0x00000006c5200000, 0x00000006c5300000|  0%| F|  |TS  0|AC  0|TAMS 0x00000006c5200000, 0x00000006c5200000|
|  67|0x00000006c5300000, 0x00000006c5300000, 0x00000006c5400000|  0%| F|  |TS  0|AC  0|TAMS 0x00000006c5300000, 0x00000006c5300000|
|  68|0x00000006c5400000, 0x00000006c5400000, 0x00000006c5500000|  0%| F|  |TS  0|AC  0|TAMS 0x00000006c5400000, 0x00000006c5400000|
|  69|0x00000006c5500000, 0x00000006c5500000, 0x00000006c5600000|  0%| F|  |TS  0|AC  0|TAMS 0x00000006c5500000, 0x00000006c5500000|
|  70|0x00000006c5600000, 0x00000006c5600000, 0x00000006c5700000|  0%| F|  |TS  0|AC  0|TAMS 0x00000006c5600000, 0x00000006c5600000|
|  71|0x00000006c5700000, 0x00000006c5700000, 0x00000006c5800000|  0%| F|  |TS  0|AC  0|TAMS 0x00000006c5700000, 0x00000006c5700000|
|  72|0x00000006c5800000, 0x00000006c5800000, 0x00000006c5900000|  0%| F|  |TS  0|AC  0|TAMS 0x00000006c5800000, 0x00000006c5800000|
|  73|0x00000006c5900000, 0x00000006c5900000, 0x00000006c5a00000|  0%| F|  |TS  0|AC  0|TAMS 0x00000006c5900000, 0x00000006c5900000|
|  74|0x00000006c5a00000, 0x00000006c5a00000, 0x00000006c5b00000|  0%| F|  |TS  0|AC  0|TAMS 0x00000006c5a00000, 0x00000006c5a00000|
|  75|0x00000006c5b00000, 0x00000006c5b00000, 0x00000006c5c00000|  0%| F|  |TS  0|AC  0|TAMS 0x00000006c5b00000, 0x00000006c5b00000|
|  76|0x00000006c5c00000, 0x00000006c5c00000, 0x00000006c5d00000|  0%| F|  |TS  0|AC  0|TAMS 0x00000006c5c00000, 0x00000006c5c00000|
|  77|0x00000006c5d00000, 0x00000006c5d00000, 0x00000006c5e00000|  0%| F|  |TS  0|AC  0|TAMS 0x00000006c5d00000, 0x00000006c5d00000|
|  78|0x00000006c5e00000, 0x00000006c5e00000, 0x00000006c5f00000|  0%| F|  |TS  0|AC  0|TAMS 0x00000006c5e00000, 0x00000006c5e00000|
|  79|0x00000006c5f00000, 0x00000006c5f00000, 0x00000006c6000000|  0%| F|  |TS  0|AC  0|TAMS 0x00000006c5f00000, 0x00000006c5f00000|
|  80|0x00000006c6000000, 0x00000006c6000000, 0x00000006c6100000|  0%| F|  |TS  0|AC  0|TAMS 0x00000006c6000000, 0x00000006c6000000|
|  81|0x00000006c6100000, 0x00000006c6100000, 0x00000006c6200000|  0%| F|  |TS  0|AC  0|TAMS 0x00000006c6100000, 0x00000006c6100000|
|  82|0x00000006c6200000, 0x00000006c6200000, 0x00000006c6300000|  0%| F|  |TS  0|AC  0|TAMS 0x00000006c6200000, 0x00000006c6200000|
|  83|0x00000006c6300000, 0x00000006c6300000, 0x00000006c6400000|  0%| F|  |TS  0|AC  0|TAMS 0x00000006c6300000, 0x00000006c6300000|
|  84|0x00000006c6400000, 0x00000006c6400000, 0x00000006c6500000|  0%| F|  |TS  0|AC  0|TAMS 0x00000006c6400000, 0x00000006c6400000|
|  85|0x00000006c6500000, 0x00000006c6500000, 0x00000006c6600000|  0%| F|  |TS  0|AC  0|TAMS 0x00000006c6500000, 0x00000006c6500000|
|  86|0x00000006c6600000, 0x00000006c6600000, 0x00000006c6700000|  0%| F|  |TS  0|AC  0|TAMS 0x00000006c6600000, 0x00000006c6600000|
|  87|0x00000006c6700000, 0x00000006c6700000, 0x00000006c6800000|  0%| F|  |TS  0|AC  0|TAMS 0x00000006c6700000, 0x00000006c6700000|
|  88|0x00000006c6800000, 0x00000006c6800000, 0x00000006c6900000|  0%| F|  |TS  0|AC  0|TAMS 0x00000006c6800000, 0x00000006c6800000|
|  89|0x00000006c6900000, 0x00000006c6900000, 0x00000006c6a00000|  0%| F|  |TS  0|AC  0|TAMS 0x00000006c6900000, 0x00000006c6900000|
|  90|0x00000006c6a00000, 0x00000006c6a00000, 0x00000006c6b00000|  0%| F|  |TS  0|AC  0|TAMS 0x00000006c6a00000, 0x00000006c6a00000|
|  91|0x00000006c6b00000, 0x00000006c6b00000, 0x00000006c6c00000|  0%| F|  |TS  0|AC  0|TAMS 0x00000006c6b00000, 0x00000006c6b00000|
|  92|0x00000006c6c00000, 0x00000006c6c00000, 0x00000006c6d00000|  0%| F|  |TS  0|AC  0|TAMS 0x00000006c6c00000, 0x00000006c6c00000|
|  93|0x00000006c6d00000, 0x00000006c6d00000, 0x00000006c6e00000|  0%| F|  |TS  0|AC  0|TAMS 0x00000006c6d00000, 0x00000006c6d00000|
|  94|0x00000006c6e00000, 0x00000006c6e00000, 0x00000006c6f00000|  0%| F|  |TS  0|AC  0|TAMS 0x00000006c6e00000, 0x00000006c6e00000|
|  95|0x00000006c6f00000, 0x00000006c6f00000, 0x00000006c7000000|  0%| F|  |TS  0|AC  0|TAMS 0x00000006c6f00000, 0x00000006c6f00000|
|  96|0x00000006c7000000, 0x00000006c7000000, 0x00000006c7100000|  0%| F|  |TS  0|AC  0|TAMS 0x00000006c7000000, 0x00000006c7000000|
|  97|0x00000006c7100000, 0x00000006c7100000, 0x00000006c7200000|  0%| F|  |TS  0|AC  0|TAMS 0x00000006c7100000, 0x00000006c7100000|
|  98|0x00000006c7200000, 0x00000006c7200000, 0x00000006c7300000|  0%| F|  |TS  0|AC  0|TAMS 0x00000006c7200000, 0x00000006c7200000|
|  99|0x00000006c7300000, 0x00000006c7300000, 0x00000006c7400000|  0%| F|  |TS  0|AC  0|TAMS 0x00000006c7300000, 0x00000006c7300000|
| 100|0x00000006c7400000, 0x00000006c7400000, 0x00000006c7500000|  0%| F|  |TS  0|AC  0|TAMS 0x00000006c7400000, 0x00000006c7400000|
| 101|0x00000006c7500000, 0x00000006c7500000, 0x00000006c7600000|  0%| F|  |TS  0|AC  0|TAMS 0x00000006c7500000, 0x00000006c7500000|
| 102|0x00000006c7600000, 0x00000006c7600000, 0x00000006c7700000|  0%| F|  |TS  0|AC  0|TAMS 0x00000006c7600000, 0x00000006c7600000|
| 103|0x00000006c7700000, 0x00000006c7700000, 0x00000006c7800000|  0%| F|  |TS  0|AC  0|TAMS 0x00000006c7700000, 0x00000006c7700000|
| 104|0x00000006c7800000, 0x00000006c7800000, 0x00000006c7900000|  0%| F|  |TS  0|AC  0|TAMS 0x00000006c7800000, 0x00000006c7800000|
| 105|0x00000006c7900000, 0x00000006c7900000, 0x00000006c7a00000|  0%| F|  |TS  0|AC  0|TAMS 0x00000006c7900000, 0x00000006c7900000|
| 106|0x00000006c7a00000, 0x00000006c7a00000, 0x00000006c7b00000|  0%| F|  |TS  0|AC  0|TAMS 0x00000006c7a00000, 0x00000006c7a00000|
| 107|0x00000006c7b00000, 0x00000006c7b00000, 0x00000006c7c00000|  0%| F|  |TS  0|AC  0|TAMS 0x00000006c7b00000, 0x00000006c7b00000|
| 108|0x00000006c7c00000, 0x00000006c7c00000, 0x00000006c7d00000|  0%| F|  |TS  0|AC  0|TAMS 0x00000006c7c00000, 0x00000006c7c00000|
| 109|0x00000006c7d00000, 0x00000006c7d00000, 0x00000006c7e00000|  0%| F|  |TS  0|AC  0|TAMS 0x00000006c7d00000, 0x00000006c7d00000|
| 110|0x00000006c7e00000, 0x00000006c7e00000, 0x00000006c7f00000|  0%| F|  |TS  0|AC  0|TAMS 0x00000006c7e00000, 0x00000006c7e00000|
| 111|0x00000006c7f00000, 0x00000006c7f00000, 0x00000006c8000000|  0%| F|  |TS  0|AC  0|TAMS 0x00000006c7f00000, 0x00000006c7f00000|
| 112|0x00000006c8000000, 0x00000006c8000000, 0x00000006c8100000|  0%| F|  |TS  0|AC  0|TAMS 0x00000006c8000000, 0x00000006c8000000|
| 113|0x00000006c8100000, 0x00000006c8100000, 0x00000006c8200000|  0%| F|  |TS  0|AC  0|TAMS 0x00000006c8100000, 0x00000006c8100000|
| 114|0x00000006c8200000, 0x00000006c8200000, 0x00000006c8300000|  0%| F|  |TS  0|AC  0|TAMS 0x00000006c8200000, 0x00000006c8200000|
| 115|0x00000006c8300000, 0x00000006c8300000, 0x00000006c8400000|  0%| F|  |TS  0|AC  0|TAMS 0x00000006c8300000, 0x00000006c8300000|
| 116|0x00000006c8400000, 0x00000006c8400000, 0x00000006c8500000|  0%| F|  |TS  0|AC  0|TAMS 0x00000006c8400000, 0x00000006c8400000|
| 117|0x00000006c8500000, 0x00000006c8500000, 0x00000006c8600000|  0%| F|  |TS  0|AC  0|TAMS 0x00000006c8500000, 0x00000006c8500000|
| 118|0x00000006c8600000, 0x00000006c8600000, 0x00000006c8700000|  0%| F|  |TS  0|AC  0|TAMS 0x00000006c8600000, 0x00000006c8600000|
| 119|0x00000006c8700000, 0x00000006c8700000, 0x00000006c8800000|  0%| F|  |TS  0|AC  0|TAMS 0x00000006c8700000, 0x00000006c8700000|
| 120|0x00000006c8800000, 0x00000006c8800000, 0x00000006c8900000|  0%| F|  |TS  0|AC  0|TAMS 0x00000006c8800000, 0x00000006c8800000|
| 121|0x00000006c8900000, 0x00000006c8900000, 0x00000006c8a00000|  0%| F|  |TS  0|AC  0|TAMS 0x00000006c8900000, 0x00000006c8900000|
| 122|0x00000006c8a00000, 0x00000006c8a00000, 0x00000006c8b00000|  0%| F|  |TS  0|AC  0|TAMS 0x00000006c8a00000, 0x00000006c8a00000|
| 123|0x00000006c8b00000, 0x00000006c8b00000, 0x00000006c8c00000|  0%| F|  |TS  0|AC  0|TAMS 0x00000006c8b00000, 0x00000006c8b00000|
| 124|0x00000006c8c00000, 0x00000006c8c00000, 0x00000006c8d00000|  0%| F|  |TS  0|AC  0|TAMS 0x00000006c8c00000, 0x00000006c8c00000|
| 125|0x00000006c8d00000, 0x00000006c8d00000, 0x00000006c8e00000|  0%| F|  |TS  0|AC  0|TAMS 0x00000006c8d00000, 0x00000006c8d00000|
| 126|0x00000006c8e00000, 0x00000006c8e00000, 0x00000006c8f00000|  0%| F|  |TS  0|AC  0|TAMS 0x00000006c8e00000, 0x00000006c8e00000|
| 127|0x00000006c8f00000, 0x00000006c8f00000, 0x00000006c9000000|  0%| F|  |TS  0|AC  0|TAMS 0x00000006c8f00000, 0x00000006c8f00000|
| 128|0x00000006c9000000, 0x00000006c9000000, 0x00000006c9100000|  0%| F|  |TS  0|AC  0|TAMS 0x00000006c9000000, 0x00000006c9000000|
| 129|0x00000006c9100000, 0x00000006c9100000, 0x00000006c9200000|  0%| F|  |TS  0|AC  0|TAMS 0x00000006c9100000, 0x00000006c9100000|
| 130|0x00000006c9200000, 0x00000006c9200000, 0x00000006c9300000|  0%| F|  |TS  0|AC  0|TAMS 0x00000006c9200000, 0x00000006c9200000|
| 131|0x00000006c9300000, 0x00000006c9300000, 0x00000006c9400000|  0%| F|  |TS  0|AC  0|TAMS 0x00000006c9300000, 0x00000006c9300000|
| 132|0x00000006c9400000, 0x00000006c9400000, 0x00000006c9500000|  0%| F|  |TS  0|AC  0|TAMS 0x00000006c9400000, 0x00000006c9400000|
| 133|0x00000006c9500000, 0x00000006c9500000, 0x00000006c9600000|  0%| F|  |TS  0|AC  0|TAMS 0x00000006c9500000, 0x00000006c9500000|
| 134|0x00000006c9600000, 0x00000006c9600000, 0x00000006c9700000|  0%| F|  |TS  0|AC  0|TAMS 0x00000006c9600000, 0x00000006c9600000|
| 135|0x00000006c9700000, 0x00000006c9700000, 0x00000006c9800000|  0%| F|  |TS  0|AC  0|TAMS 0x00000006c9700000, 0x00000006c9700000|
| 136|0x00000006c9800000, 0x00000006c9800000, 0x00000006c9900000|  0%| F|  |TS  0|AC  0|TAMS 0x00000006c9800000, 0x00000006c9800000|
| 137|0x00000006c9900000, 0x00000006c9900000, 0x00000006c9a00000|  0%| F|  |TS  0|AC  0|TAMS 0x00000006c9900000, 0x00000006c9900000|
| 138|0x00000006c9a00000, 0x00000006c9a00000, 0x00000006c9b00000|  0%| F|  |TS  0|AC  0|TAMS 0x00000006c9a00000, 0x00000006c9a00000|
| 139|0x00000006c9b00000, 0x00000006c9b00000, 0x00000006c9c00000|  0%| F|  |TS  0|AC  0|TAMS 0x00000006c9b00000, 0x00000006c9b00000|
| 140|0x00000006c9c00000, 0x00000006c9c00000, 0x00000006c9d00000|  0%| F|  |TS  0|AC  0|TAMS 0x00000006c9c00000, 0x00000006c9c00000|
| 141|0x00000006c9d00000, 0x00000006c9d00000, 0x00000006c9e00000|  0%| F|  |TS  0|AC  0|TAMS 0x00000006c9d00000, 0x00000006c9d00000|
| 142|0x00000006c9e00000, 0x00000006c9e00000, 0x00000006c9f00000|  0%| F|  |TS  0|AC  0|TAMS 0x00000006c9e00000, 0x00000006c9e00000|
| 143|0x00000006c9f00000, 0x00000006c9f00000, 0x00000006ca000000|  0%| F|  |TS  0|AC  0|TAMS 0x00000006c9f00000, 0x00000006c9f00000|
| 144|0x00000006ca000000, 0x00000006ca000000, 0x00000006ca100000|  0%| F|  |TS  0|AC  0|TAMS 0x00000006ca000000, 0x00000006ca000000|
| 145|0x00000006ca100000, 0x00000006ca100000, 0x00000006ca200000|  0%| F|  |TS  0|AC  0|TAMS 0x00000006ca100000, 0x00000006ca100000|
| 146|0x00000006ca200000, 0x00000006ca200000, 0x00000006ca300000|  0%| F|  |TS  0|AC  0|TAMS 0x00000006ca200000, 0x00000006ca200000|
| 147|0x00000006ca300000, 0x00000006ca300000, 0x00000006ca400000|  0%| F|  |TS  0|AC  0|TAMS 0x00000006ca300000, 0x00000006ca300000|
| 148|0x00000006ca400000, 0x00000006ca400000, 0x00000006ca500000|  0%| F|  |TS  0|AC  0|TAMS 0x00000006ca400000, 0x00000006ca400000|
| 149|0x00000006ca500000, 0x00000006ca500000, 0x00000006ca600000|  0%| F|  |TS  0|AC  0|TAMS 0x00000006ca500000, 0x00000006ca500000|
| 150|0x00000006ca600000, 0x00000006ca600000, 0x00000006ca700000|  0%| F|  |TS  0|AC  0|TAMS 0x00000006ca600000, 0x00000006ca600000|
| 151|0x00000006ca700000, 0x00000006ca700000, 0x00000006ca800000|  0%| F|  |TS  0|AC  0|TAMS 0x00000006ca700000, 0x00000006ca700000|
| 152|0x00000006ca800000, 0x00000006ca800000, 0x00000006ca900000|  0%| F|  |TS  0|AC  0|TAMS 0x00000006ca800000, 0x00000006ca800000|
| 153|0x00000006ca900000, 0x00000006ca900000, 0x00000006caa00000|  0%| F|  |TS  0|AC  0|TAMS 0x00000006ca900000, 0x00000006ca900000|
| 154|0x00000006caa00000, 0x00000006caa00000, 0x00000006cab00000|  0%| F|  |TS  0|AC  0|TAMS 0x00000006caa00000, 0x00000006caa00000|
| 155|0x00000006cab00000, 0x00000006cab00000, 0x00000006cac00000|  0%| F|  |TS  0|AC  0|TAMS 0x00000006cab00000, 0x00000006cab00000|
| 156|0x00000006cac00000, 0x00000006cac00000, 0x00000006cad00000|  0%| F|  |TS  0|AC  0|TAMS 0x00000006cac00000, 0x00000006cac00000|
| 157|0x00000006cad00000, 0x00000006cad00000, 0x00000006cae00000|  0%| F|  |TS  0|AC  0|TAMS 0x00000006cad00000, 0x00000006cad00000|
| 158|0x00000006cae00000, 0x00000006cae00000, 0x00000006caf00000|  0%| F|  |TS  0|AC  0|TAMS 0x00000006cae00000, 0x00000006cae00000|
| 159|0x00000006caf00000, 0x00000006caf00000, 0x00000006cb000000|  0%| F|  |TS  0|AC  0|TAMS 0x00000006caf00000, 0x00000006caf00000|
| 160|0x00000006cb000000, 0x00000006cb000000, 0x00000006cb100000|  0%| F|  |TS  0|AC  0|TAMS 0x00000006cb000000, 0x00000006cb000000|
| 161|0x00000006cb100000, 0x00000006cb100000, 0x00000006cb200000|  0%| F|  |TS  0|AC  0|TAMS 0x00000006cb100000, 0x00000006cb100000|
| 162|0x00000006cb200000, 0x00000006cb200000, 0x00000006cb300000|  0%| F|  |TS  0|AC  0|TAMS 0x00000006cb200000, 0x00000006cb200000|
| 163|0x00000006cb300000, 0x00000006cb300000, 0x00000006cb400000|  0%| F|  |TS  0|AC  0|TAMS 0x00000006cb300000, 0x00000006cb300000|
| 164|0x00000006cb400000, 0x00000006cb400000, 0x00000006cb500000|  0%| F|  |TS  0|AC  0|TAMS 0x00000006cb400000, 0x00000006cb400000|
| 165|0x00000006cb500000, 0x00000006cb500000, 0x00000006cb600000|  0%| F|  |TS  0|AC  0|TAMS 0x00000006cb500000, 0x00000006cb500000|
| 166|0x00000006cb600000, 0x00000006cb600000, 0x00000006cb700000|  0%| F|  |TS  0|AC  0|TAMS 0x00000006cb600000, 0x00000006cb600000|
| 167|0x00000006cb700000, 0x00000006cb700000, 0x00000006cb800000|  0%| F|  |TS  0|AC  0|TAMS 0x00000006cb700000, 0x00000006cb700000|
| 168|0x00000006cb800000, 0x00000006cb800000, 0x00000006cb900000|  0%| F|  |TS  0|AC  0|TAMS 0x00000006cb800000, 0x00000006cb800000|
| 169|0x00000006cb900000, 0x00000006cb900000, 0x00000006cba00000|  0%| F|  |TS  0|AC  0|TAMS 0x00000006cb900000, 0x00000006cb900000|
| 170|0x00000006cba00000, 0x00000006cba00000, 0x00000006cbb00000|  0%| F|  |TS  0|AC  0|TAMS 0x00000006cba00000, 0x00000006cba00000|
| 171|0x00000006cbb00000, 0x00000006cbb00000, 0x00000006cbc00000|  0%| F|  |TS  0|AC  0|TAMS 0x00000006cbb00000, 0x00000006cbb00000|
| 172|0x00000006cbc00000, 0x00000006cbc00000, 0x00000006cbd00000|  0%| F|  |TS  0|AC  0|TAMS 0x00000006cbc00000, 0x00000006cbc00000|
| 173|0x00000006cbd00000, 0x00000006cbd00000, 0x00000006cbe00000|  0%| F|  |TS  0|AC  0|TAMS 0x00000006cbd00000, 0x00000006cbd00000|
| 174|0x00000006cbe00000, 0x00000006cbe00000, 0x00000006cbf00000|  0%| F|  |TS  0|AC  0|TAMS 0x00000006cbe00000, 0x00000006cbe00000|
| 175|0x00000006cbf00000, 0x00000006cbf00000, 0x00000006cc000000|  0%| F|  |TS  0|AC  0|TAMS 0x00000006cbf00000, 0x00000006cbf00000|
| 176|0x00000006cc000000, 0x00000006cc000000, 0x00000006cc100000|  0%| F|  |TS  0|AC  0|TAMS 0x00000006cc000000, 0x00000006cc000000|
| 177|0x00000006cc100000, 0x00000006cc100000, 0x00000006cc200000|  0%| F|  |TS  0|AC  0|TAMS 0x00000006cc100000, 0x00000006cc100000|
| 178|0x00000006cc200000, 0x00000006cc200000, 0x00000006cc300000|  0%| F|  |TS  0|AC  0|TAMS 0x00000006cc200000, 0x00000006cc200000|
| 179|0x00000006cc300000, 0x00000006cc300000, 0x00000006cc400000|  0%| F|  |TS  0|AC  0|TAMS 0x00000006cc300000, 0x00000006cc300000|
| 180|0x00000006cc400000, 0x00000006cc400000, 0x00000006cc500000|  0%| F|  |TS  0|AC  0|TAMS 0x00000006cc400000, 0x00000006cc400000|
| 181|0x00000006cc500000, 0x00000006cc500000, 0x00000006cc600000|  0%| F|  |TS  0|AC  0|TAMS 0x00000006cc500000, 0x00000006cc500000|
| 182|0x00000006cc600000, 0x00000006cc600000, 0x00000006cc700000|  0%| F|  |TS  0|AC  0|TAMS 0x00000006cc600000, 0x00000006cc600000|
| 183|0x00000006cc700000, 0x00000006cc700000, 0x00000006cc800000|  0%| F|  |TS  0|AC  0|TAMS 0x00000006cc700000, 0x00000006cc700000|
| 184|0x00000006cc800000, 0x00000006cc800000, 0x00000006cc900000|  0%| F|  |TS  0|AC  0|TAMS 0x00000006cc800000, 0x00000006cc800000|
| 185|0x00000006cc900000, 0x00000006cc900000, 0x00000006cca00000|  0%| F|  |TS  0|AC  0|TAMS 0x00000006cc900000, 0x00000006cc900000|
| 186|0x00000006cca00000, 0x00000006cca00000, 0x00000006ccb00000|  0%| F|  |TS  0|AC  0|TAMS 0x00000006cca00000, 0x00000006cca00000|
| 187|0x00000006ccb00000, 0x00000006ccb00000, 0x00000006ccc00000|  0%| F|  |TS  0|AC  0|TAMS 0x00000006ccb00000, 0x00000006ccb00000|
| 188|0x00000006ccc00000, 0x00000006ccc00000, 0x00000006ccd00000|  0%| F|  |TS  0|AC  0|TAMS 0x00000006ccc00000, 0x00000006ccc00000|
| 189|0x00000006ccd00000, 0x00000006ccd00000, 0x00000006cce00000|  0%| F|  |TS  0|AC  0|TAMS 0x00000006ccd00000, 0x00000006ccd00000|
| 190|0x00000006cce00000, 0x00000006cce00000, 0x00000006ccf00000|  0%| F|  |TS  0|AC  0|TAMS 0x00000006cce00000, 0x00000006cce00000|
| 191|0x00000006ccf00000, 0x00000006ccf00000, 0x00000006cd000000|  0%| F|  |TS  0|AC  0|TAMS 0x00000006ccf00000, 0x00000006ccf00000|
| 192|0x00000006cd000000, 0x00000006cd000000, 0x00000006cd100000|  0%| F|  |TS  0|AC  0|TAMS 0x00000006cd000000, 0x00000006cd000000|
| 193|0x00000006cd100000, 0x00000006cd100000, 0x00000006cd200000|  0%| F|  |TS  0|AC  0|TAMS 0x00000006cd100000, 0x00000006cd100000|
| 194|0x00000006cd200000, 0x00000006cd200000, 0x00000006cd300000|  0%| F|  |TS  0|AC  0|TAMS 0x00000006cd200000, 0x00000006cd200000|
| 195|0x00000006cd300000, 0x00000006cd300000, 0x00000006cd400000|  0%| F|  |TS  0|AC  0|TAMS 0x00000006cd300000, 0x00000006cd300000|
| 196|0x00000006cd400000, 0x00000006cd400000, 0x00000006cd500000|  0%| F|  |TS  0|AC  0|TAMS 0x00000006cd400000, 0x00000006cd400000|
| 197|0x00000006cd500000, 0x00000006cd500000, 0x00000006cd600000|  0%| F|  |TS  0|AC  0|TAMS 0x00000006cd500000, 0x00000006cd500000|
| 198|0x00000006cd600000, 0x00000006cd600000, 0x00000006cd700000|  0%| F|  |TS  0|AC  0|TAMS 0x00000006cd600000, 0x00000006cd600000|
| 199|0x00000006cd700000, 0x00000006cd700000, 0x00000006cd800000|  0%| F|  |TS  0|AC  0|TAMS 0x00000006cd700000, 0x00000006cd700000|
| 200|0x00000006cd800000, 0x00000006cd800000, 0x00000006cd900000|  0%| F|  |TS  0|AC  0|TAMS 0x00000006cd800000, 0x00000006cd800000|
| 201|0x00000006cd900000, 0x00000006cd900000, 0x00000006cda00000|  0%| F|  |TS  0|AC  0|TAMS 0x00000006cd900000, 0x00000006cd900000|
| 202|0x00000006cda00000, 0x00000006cda00000, 0x00000006cdb00000|  0%| F|  |TS  0|AC  0|TAMS 0x00000006cda00000, 0x00000006cda00000|
| 203|0x00000006cdb00000, 0x00000006cdb00000, 0x00000006cdc00000|  0%| F|  |TS  0|AC  0|TAMS 0x00000006cdb00000, 0x00000006cdb00000|
| 204|0x00000006cdc00000, 0x00000006cdc00000, 0x00000006cdd00000|  0%| F|  |TS  0|AC  0|TAMS 0x00000006cdc00000, 0x00000006cdc00000|
| 205|0x00000006cdd00000, 0x00000006cdd00000, 0x00000006cde00000|  0%| F|  |TS  0|AC  0|TAMS 0x00000006cdd00000, 0x00000006cdd00000|
| 206|0x00000006cde00000, 0x00000006cde00000, 0x00000006cdf00000|  0%| F|  |TS  0|AC  0|TAMS 0x00000006cde00000, 0x00000006cde00000|
| 207|0x00000006cdf00000, 0x00000006cdf00000, 0x00000006ce000000|  0%| F|  |TS  0|AC  0|TAMS 0x00000006cdf00000, 0x00000006cdf00000|
| 208|0x00000006ce000000, 0x00000006ce000000, 0x00000006ce100000|  0%| F|  |TS  0|AC  0|TAMS 0x00000006ce000000, 0x00000006ce000000|
| 209|0x00000006ce100000, 0x00000006ce100000, 0x00000006ce200000|  0%| F|  |TS  0|AC  0|TAMS 0x00000006ce100000, 0x00000006ce100000|
| 210|0x00000006ce200000, 0x00000006ce200000, 0x00000006ce300000|  0%| F|  |TS  0|AC  0|TAMS 0x00000006ce200000, 0x00000006ce200000|
| 211|0x00000006ce300000, 0x00000006ce300000, 0x00000006ce400000|  0%| F|  |TS  0|AC  0|TAMS 0x00000006ce300000, 0x00000006ce300000|
| 212|0x00000006ce400000, 0x00000006ce400000, 0x00000006ce500000|  0%| F|  |TS  0|AC  0|TAMS 0x00000006ce400000, 0x00000006ce400000|
| 213|0x00000006ce500000, 0x00000006ce500000, 0x00000006ce600000|  0%| F|  |TS  0|AC  0|TAMS 0x00000006ce500000, 0x00000006ce500000|
| 214|0x00000006ce600000, 0x00000006ce600000, 0x00000006ce700000|  0%| F|  |TS  0|AC  0|TAMS 0x00000006ce600000, 0x00000006ce600000|
| 215|0x00000006ce700000, 0x00000006ce700000, 0x00000006ce800000|  0%| F|  |TS  0|AC  0|TAMS 0x00000006ce700000, 0x00000006ce700000|
| 216|0x00000006ce800000, 0x00000006ce800000, 0x00000006ce900000|  0%| F|  |TS  0|AC  0|TAMS 0x00000006ce800000, 0x00000006ce800000|
| 217|0x00000006ce900000, 0x00000006ce900000, 0x00000006cea00000|  0%| F|  |TS  0|AC  0|TAMS 0x00000006ce900000, 0x00000006ce900000|
| 218|0x00000006cea00000, 0x00000006cea00000, 0x00000006ceb00000|  0%| F|  |TS  0|AC  0|TAMS 0x00000006cea00000, 0x00000006cea00000|
| 219|0x00000006ceb00000, 0x00000006ceb00000, 0x00000006cec00000|  0%| F|  |TS  0|AC  0|TAMS 0x00000006ceb00000, 0x00000006ceb00000|
| 220|0x00000006cec00000, 0x00000006cec00000, 0x00000006ced00000|  0%| F|  |TS  0|AC  0|TAMS 0x00000006cec00000, 0x00000006cec00000|
| 221|0x00000006ced00000, 0x00000006ced00000, 0x00000006cee00000|  0%| F|  |TS  0|AC  0|TAMS 0x00000006ced00000, 0x00000006ced00000|
| 222|0x00000006cee00000, 0x00000006cee00000, 0x00000006cef00000|  0%| F|  |TS  0|AC  0|TAMS 0x00000006cee00000, 0x00000006cee00000|
| 223|0x00000006cef00000, 0x00000006cef00000, 0x00000006cf000000|  0%| F|  |TS  0|AC  0|TAMS 0x00000006cef00000, 0x00000006cef00000|
| 224|0x00000006cf000000, 0x00000006cf000000, 0x00000006cf100000|  0%| F|  |TS  0|AC  0|TAMS 0x00000006cf000000, 0x00000006cf000000|
| 225|0x00000006cf100000, 0x00000006cf100000, 0x00000006cf200000|  0%| F|  |TS  0|AC  0|TAMS 0x00000006cf100000, 0x00000006cf100000|
| 226|0x00000006cf200000, 0x00000006cf200000, 0x00000006cf300000|  0%| F|  |TS  0|AC  0|TAMS 0x00000006cf200000, 0x00000006cf200000|
| 227|0x00000006cf300000, 0x00000006cf300000, 0x00000006cf400000|  0%| F|  |TS  0|AC  0|TAMS 0x00000006cf300000, 0x00000006cf300000|
| 228|0x00000006cf400000, 0x00000006cf400000, 0x00000006cf500000|  0%| F|  |TS  0|AC  0|TAMS 0x00000006cf400000, 0x00000006cf400000|
| 229|0x00000006cf500000, 0x00000006cf500000, 0x00000006cf600000|  0%| F|  |TS  0|AC  0|TAMS 0x00000006cf500000, 0x00000006cf500000|
| 230|0x00000006cf600000, 0x00000006cf600000, 0x00000006cf700000|  0%| F|  |TS  0|AC  0|TAMS 0x00000006cf600000, 0x00000006cf600000|
| 231|0x00000006cf700000, 0x00000006cf700000, 0x00000006cf800000|  0%| F|  |TS  0|AC  0|TAMS 0x00000006cf700000, 0x00000006cf700000|
| 232|0x00000006cf800000, 0x00000006cf800000, 0x00000006cf900000|  0%| F|  |TS  0|AC  0|TAMS 0x00000006cf800000, 0x00000006cf800000|
| 233|0x00000006cf900000, 0x00000006cf900000, 0x00000006cfa00000|  0%| F|  |TS  0|AC  0|TAMS 0x00000006cf900000, 0x00000006cf900000|
| 234|0x00000006cfa00000, 0x00000006cfa00000, 0x00000006cfb00000|  0%| F|  |TS  0|AC  0|TAMS 0x00000006cfa00000, 0x00000006cfa00000|
| 235|0x00000006cfb00000, 0x00000006cfb00000, 0x00000006cfc00000|  0%| F|  |TS  0|AC  0|TAMS 0x00000006cfb00000, 0x00000006cfb00000|
| 236|0x00000006cfc00000, 0x00000006cfc00000, 0x00000006cfd00000|  0%| F|  |TS  0|AC  0|TAMS 0x00000006cfc00000, 0x00000006cfc00000|
| 237|0x00000006cfd00000, 0x00000006cfd00000, 0x00000006cfe00000|  0%| F|  |TS  0|AC  0|TAMS 0x00000006cfd00000, 0x00000006cfd00000|
| 238|0x00000006cfe00000, 0x00000006cfe00000, 0x00000006cff00000|  0%| F|  |TS  0|AC  0|TAMS 0x00000006cfe00000, 0x00000006cfe00000|
| 239|0x00000006cff00000, 0x00000006cff00000, 0x00000006d0000000|  0%| F|  |TS  0|AC  0|TAMS 0x00000006cff00000, 0x00000006cff00000|
| 240|0x00000006d0000000, 0x00000006d0000000, 0x00000006d0100000|  0%| F|  |TS  0|AC  0|TAMS 0x00000006d0000000, 0x00000006d0000000|
| 241|0x00000006d0100000, 0x00000006d0100000, 0x00000006d0200000|  0%| F|  |TS  0|AC  0|TAMS 0x00000006d0100000, 0x00000006d0100000|
| 242|0x00000006d0200000, 0x00000006d0200000, 0x00000006d0300000|  0%| F|  |TS  0|AC  0|TAMS 0x00000006d0200000, 0x00000006d0200000|
| 243|0x00000006d0300000, 0x00000006d0300000, 0x00000006d0400000|  0%| F|  |TS  0|AC  0|TAMS 0x00000006d0300000, 0x00000006d0300000|
| 244|0x00000006d0400000, 0x00000006d0400000, 0x00000006d0500000|  0%| F|  |TS  0|AC  0|TAMS 0x00000006d0400000, 0x00000006d0400000|
| 245|0x00000006d0500000, 0x00000006d0500000, 0x00000006d0600000|  0%| F|  |TS  0|AC  0|TAMS 0x00000006d0500000, 0x00000006d0500000|
| 246|0x00000006d0600000, 0x00000006d0600000, 0x00000006d0700000|  0%| F|  |TS  0|AC  0|TAMS 0x00000006d0600000, 0x00000006d0600000|
| 247|0x00000006d0700000, 0x00000006d0700000, 0x00000006d0800000|  0%| F|  |TS  0|AC  0|TAMS 0x00000006d0700000, 0x00000006d0700000|
| 248|0x00000006d0800000, 0x00000006d0800000, 0x00000006d0900000|  0%| F|  |TS  0|AC  0|TAMS 0x00000006d0800000, 0x00000006d0800000|
| 249|0x00000006d0900000, 0x00000006d0900000, 0x00000006d0a00000|  0%| F|  |TS  0|AC  0|TAMS 0x00000006d0900000, 0x00000006d0900000|
| 250|0x00000006d0a00000, 0x00000006d0a00000, 0x00000006d0b00000|  0%| F|  |TS  0|AC  0|TAMS 0x00000006d0a00000, 0x00000006d0a00000|
| 251|0x00000006d0b00000, 0x00000006d0b00000, 0x00000006d0c00000|  0%| F|  |TS  0|AC  0|TAMS 0x00000006d0b00000, 0x00000006d0b00000|
| 252|0x00000006d0c00000, 0x00000006d0c00000, 0x00000006d0d00000|  0%| F|  |TS  0|AC  0|TAMS 0x00000006d0c00000, 0x00000006d0c00000|
| 253|0x00000006d0d00000, 0x00000006d0e00000, 0x00000006d0e00000|100%| E|  |TS  0|AC  0|TAMS 0x00000006d0d00000, 0x00000006d0d00000|
| 254|0x00000006d0e00000, 0x00000006d0f00000, 0x00000006d0f00000|100%| E|CS|TS  0|AC  0|TAMS 0x00000006d0e00000, 0x00000006d0e00000|
| 255|0x00000006d0f00000, 0x00000006d1000000, 0x00000006d1000000|100%| E|CS|TS  0|AC  0|TAMS 0x00000006d0f00000, 0x00000006d0f00000|

Card table byte_map: [0x00000181fef80000,0x00000181ff780000] byte_map_base: 0x00000181fb978000

Marking Bits (Prev, Next): (CMBitMap*) 0x00000181e34213e0, (CMBitMap*) 0x00000181e3421418
 Prev Bits: [0x0000018180000000, 0x0000018183fc0000)
 Next Bits: [0x0000018183fc0000, 0x0000018187f80000)

Polling page: 0x00000181e2780000

CodeHeap 'non-profiled nmethods': size=119168Kb used=101Kb max_used=101Kb free=119066Kb
 bounds [0x00000181f6330000, 0x00000181f65a0000, 0x00000181fd790000]
CodeHeap 'profiled nmethods': size=119168Kb used=379Kb max_used=379Kb free=118788Kb
 bounds [0x00000181eeed0000, 0x00000181ef140000, 0x00000181f6330000]
CodeHeap 'non-nmethods': size=7424Kb used=2738Kb max_used=2745Kb free=4685Kb
 bounds [0x00000181ee790000, 0x00000181eea40000, 0x00000181eeed0000]
 total_blobs=679 nmethods=261 adapters=246
 compilation: enabled

Compilation events (10 events):
Event: 0.119 Thread 0x000001818b0d4000  256       3       java.lang.AbstractStringBuilder::<init> (39 bytes)
Event: 0.119 Thread 0x000001818b0d3000  257       3       java.lang.StringBuilder::toString (35 bytes)
Event: 0.119 Thread 0x000001818b0d4000 nmethod 256 0x00000181eef2c110 code [0x00000181eef2c2e0, 0x00000181eef2c5b8]
Event: 0.119 Thread 0x000001818b0cd800  259       3       java.lang.invoke.MethodType::parameterType (7 bytes)
Event: 0.119 Thread 0x000001818b0d3000 nmethod 257 0x00000181eef2c710 code [0x00000181eef2c900, 0x00000181eef2ce20]
Event: 0.119 Thread 0x000001818b0d3000  260       3       jdk.internal.org.objectweb.asm.Item::<init> (66 bytes)
Event: 0.119 Thread 0x000001818b0d4000  261       3       jdk.internal.org.objectweb.asm.ClassWriter::put (152 bytes)
Event: 0.119 Thread 0x000001818b0cd800 nmethod 259 0x00000181eef2d190 code [0x00000181eef2d340, 0x00000181eef2d4b8]
Event: 0.119 Thread 0x000001818b0d3000 nmethod 260 0x00000181eef2d590 code [0x00000181eef2d760, 0x00000181eef2da98]
Event: 0.119 Thread 0x000001818b0d4000 nmethod 261 0x00000181eef2dd10 code [0x00000181eef2df40, 0x00000181eef2e858]

GC Heap History (0 events):
No events

Deoptimization events (1 events):
Event: 0.078 Thread 0x00000181e289b000 Uncommon trap: reason=unstable_if action=reinterpret pc=0x00000181f633517c method=java.lang.String.hashCode()I @ 14 c2

Classes redefined (0 events):
No events

Internal exceptions (1 events):
Event: 0.108 Thread 0x00000181e289b000 Exception <a 'java/lang/NoSuchMethodError'{0x00000006d0d20e40}: java.lang.invoke.DirectMethodHandle$Holder.invokeStaticInit(Ljava/lang/Object;Ljava/lang/Object;Ljava/lang/Object;)Ljava/lang/Object;> (0x00000006d0d20e40) thrown at [t:/workspace/open/src/ho

Events (10 events):
Event: 0.118 loading class java/security/AllPermissionCollection
Event: 0.118 loading class java/security/AllPermissionCollection done
Event: 0.118 loading class java/nio/file/Paths
Event: 0.118 loading class java/nio/file/Paths done
Event: 0.119 loading class jdk/jfr/internal/JVM
Event: 0.119 loading class jdk/jfr/internal/JVM done
Event: 0.119 loading class jdk/jfr/internal/LogTag
Event: 0.119 loading class jdk/jfr/internal/LogTag done
Event: 0.119 loading class jdk/jfr/internal/Options
Event: 0.119 loading class jdk/jfr/internal/Options done


Dynamic libraries:
0x00007ff71d480000 - 0x00007ff71d4be000 	C:\Program Files\Java\jdk-10.0.2\bin\java.exe
0x00007ffccf0b0000 - 0x00007ffccf2a8000 	C:\Windows\SYSTEM32\ntdll.dll
0x00007ffcce260000 - 0x00007ffcce31d000 	C:\Windows\System32\KERNEL32.DLL
0x00007ffccc820000 - 0x00007ffcccb16000 	C:\Windows\System32\KERNELBASE.dll
0x00007ffccdca0000 - 0x00007ffccdd4f000 	C:\Windows\System32\ADVAPI32.dll
0x00007ffccdb10000 - 0x00007ffccdbae000 	C:\Windows\System32\msvcrt.dll
0x00007ffccebf0000 - 0x00007ffccec8c000 	C:\Windows\System32\sechost.dll
0x00007ffccef40000 - 0x00007ffccf066000 	C:\Windows\System32\RPCRT4.dll
0x00007ffccd860000 - 0x00007ffccd9fe000 	C:\Windows\System32\USER32.dll
0x00007ffcccf90000 - 0x00007ffcccfb2000 	C:\Windows\System32\win32u.dll
0x00007ffcce330000 - 0x00007ffcce35c000 	C:\Windows\System32\GDI32.dll
0x00007ffccce70000 - 0x00007ffcccf8a000 	C:\Windows\System32\gdi32full.dll
0x00007ffccccf0000 - 0x00007ffcccd8d000 	C:\Windows\System32\msvcp_win.dll
0x00007ffcccfc0000 - 0x00007ffccd0c0000 	C:\Windows\System32\ucrtbase.dll
0x00007ffcc34d0000 - 0x00007ffcc376a000 	C:\Windows\WinSxS\amd64_microsoft.windows.common-controls_6595b64144ccf1df_6.0.19041.3636_none_60b6a03d71f818d5\COMCTL32.dll
0x00007ffcc76c0000 - 0x00007ffcc76ca000 	C:\Windows\SYSTEM32\VERSION.dll
0x00007ffccdc70000 - 0x00007ffccdca0000 	C:\Windows\System32\IMM32.DLL
0x00007ffc9e6e0000 - 0x00007ffc9e7cf000 	C:\Program Files\Java\jdk-10.0.2\bin\msvcr120.dll
0x00007ffc9e630000 - 0x00007ffc9e6d6000 	C:\Program Files\Java\jdk-10.0.2\bin\msvcp120.dll
0x000000005b390000 - 0x000000005be00000 	C:\Program Files\Java\jdk-10.0.2\bin\server\jvm.dll
0x00007ffccef30000 - 0x00007ffccef38000 	C:\Windows\System32\PSAPI.DLL
0x00007ffcc85e0000 - 0x00007ffcc85e9000 	C:\Windows\SYSTEM32\WSOCK32.dll
0x00007ffcc0a20000 - 0x00007ffcc0a47000 	C:\Windows\SYSTEM32\WINMM.dll
0x00007ffcce0d0000 - 0x00007ffcce13b000 	C:\Windows\System32\WS2_32.dll
0x00007ffcb05d0000 - 0x00007ffcb05df000 	C:\Program Files\Java\jdk-10.0.2\bin\verify.dll
0x00007ffcbac50000 - 0x00007ffcbae34000 	C:\Windows\SYSTEM32\DBGHELP.DLL
0x00007ffcab4d0000 - 0x00007ffcab504000 	C:\Windows\SYSTEM32\dbgcore.DLL
0x00007ffccc790000 - 0x00007ffccc812000 	C:\Windows\System32\bcryptPrimitives.dll
0x00007ffcab480000 - 0x00007ffcab4a7000 	C:\Program Files\Java\jdk-10.0.2\bin\java.dll
0x00007ffcb4d90000 - 0x00007ffcb4dba000 	C:\Program Files\Java\jdk-10.0.2\bin\instrument.dll
0x00007ffc8b5a0000 - 0x00007ffc8b7e2000 	C:\Users\danil\AppData\Local\Temp\libasyncProfiler.dll
0x00007ffcab460000 - 0x00007ffcab476000 	C:\Program Files\Java\jdk-10.0.2\bin\zip.dll
0x00007ffcab6a0000 - 0x00007ffcab6aa000 	C:\Program Files\Java\jdk-10.0.2\bin\jimage.dll
0x00007ffccd110000 - 0x00007ffccd854000 	C:\Windows\System32\SHELL32.dll
0x00007ffcca870000 - 0x00007ffccb00b000 	C:\Windows\SYSTEM32\windows.storage.dll
0x00007ffccdd70000 - 0x00007ffcce0c4000 	C:\Windows\System32\combase.dll
0x00007ffccc1d0000 - 0x00007ffccc1fd000 	C:\Windows\SYSTEM32\Wldp.dll
0x00007ffccda00000 - 0x00007ffccdaad000 	C:\Windows\System32\SHCORE.dll
0x00007ffccdab0000 - 0x00007ffccdb05000 	C:\Windows\System32\shlwapi.dll
0x00007ffccc6c0000 - 0x00007ffccc6e5000 	C:\Windows\SYSTEM32\profapi.dll
0x00007ffcaad80000 - 0x00007ffcaad9a000 	C:\Program Files\Java\jdk-10.0.2\bin\net.dll
0x00007ffcc66f0000 - 0x00007ffcc67fa000 	C:\Windows\SYSTEM32\WINHTTP.dll
0x00007ffccbf30000 - 0x00007ffccbf9a000 	C:\Windows\system32\mswsock.dll
0x00007ffcaad60000 - 0x00007ffcaad71000 	C:\Program Files\Java\jdk-10.0.2\bin\nio.dll
0x00007ffcc84f0000 - 0x00007ffcc850a000 	C:\Program Files\JetBrains\IntelliJ IDEA 2022.3.2\bin\breakgen64.dll

dbghelp: loaded successfully - version: 4.0.5 - missing functions: none
symbol engine: initialized successfully - sym options: 0x614 - pdb path: .;C:\Program Files\Java\jdk-10.0.2\bin;C:\Windows\SYSTEM32;C:\Windows\WinSxS\amd64_microsoft.windows.common-controls_6595b64144ccf1df_6.0.19041.3636_none_60b6a03d71f818d5;C:\Program Files\Java\jdk-10.0.2\bin\server;C:\Users\danil\AppData\Local\Temp;C:\Program Files\JetBrains\IntelliJ IDEA 2022.3.2\bin

VM Arguments:
jvm_args: -javaagent:C:\Program Files\JetBrains\IntelliJ IDEA 2022.3.2\lib\idea_rt.jar=51261:C:\Program Files\JetBrains\IntelliJ IDEA 2022.3.2\bin -agentpath:C:\Users\danil\AppData\Local\Temp\libasyncProfiler.dll=start,jfr,event=cpu,interval=10ms,jfrsync=profile,cstack=no,file=C:\Users\danil\Main_2023_12_04_141403.jfr -Dfile.encoding=UTF-8 
java_command: main.java.raf.dsw.classycraft.app.Main
java_class_path (initial): C:\Users\danil\Desktop\dizajn-softvera-projekat-tim_daniloradovic_ognjentasic\target\classes
Launcher Type: SUN_STANDARD

Logging:
Log output configuration:
#0: stdout all=warning uptime,level,tags
#1: stderr all=off uptime,level,tags

Environment Variables:
PATH=C:\ffmpeg\bin;C:\Python311\Scripts\;C:\Python311\;C:\Program Files\Common Files\Oracle\Java\javapath;C:\Program Files (x86)\Common Files\Oracle\Java\javapath;C:\Windows\system32;C:\Windows;C:\Windows\System32\Wbem;C:\Windows\System32\WindowsPowerShell\v1.0\;C:\Windows\System32\OpenSSH\;C:\Program Files (x86)\NVIDIA Corporation\PhysX\Common;C:\Program Files\NVIDIA Corporation\NVIDIA NvDLISR;C:\Program Files\dotnet\;C:\Program Files (x86)\dotnet\;C:\Program Files\Microsoft SQL Server\130\Tools\Binn\;C:\Program Files\nodejs\;C:\ProgramData\chocolatey\bin;D:\Programs\Git\cmd;C:\Users\danil\AppData\Local\Microsoft\WindowsApps;C:\Users\danil\.dotnet\tools;C:\Users\danil\AppData\Local\Programs\Microsoft VS Code\bin;C:\Users\danil\AppData\Local\GitHubDesktop\bin;C:\Program Files\heroku\bin;C:\Users\danil\AppData\Roaming\npm;C:\Program Files\Git\cmd;C:\Users\danil\AppData\Local\Microsoft\WindowsApps;C:\Users\danil\.dotnet\tools;C:\Users\danil\AppData\Local\Programs\Microsoft VS Code\bin;C:\Program Files\heroku\bin;C:\Users\danil\AppData\Roaming\npm
USERNAME=Danilo
OS=Windows_NT
PROCESSOR_IDENTIFIER=AMD64 Family 23 Model 113 Stepping 0, AuthenticAMD



---------------  S Y S T E M  ---------------

OS: Windows 10 , 64 bit Build 19041 (10.0.19041.3636)

CPU:total 16 (initial active 16) (16 cores per cpu, 2 threads per core) family 23 model 113 stepping 0, cmov, cx8, fxsr, mmx, sse, sse2, sse3, ssse3, sse4.1, sse4.2, popcnt, avx, avx2, aes, clmul, mmxext, 3dnowpref, lzcnt, sse4a, ht, tsc, tscinvbit, tscinv, bmi1, bmi2, adx, sha, fma

Memory: 4k page, physical 16706736k(7735256k free), swap 19197104k(5222140k free)

vm_info: Java HotSpot(TM) 64-Bit Server VM (10.0.2+13) for windows-amd64 JRE (10.0.2+13), built on Jun 28 2018 01:57:56 by "mach5one" with MS VC++ 12.0 (VS2013)

END.
